Performing C SOURCE FILE Test CMAKE_HAVE_LIBC_PTHREAD failed with the following output:
Change Dir: /home/wolf/Documents/stevenCode/MHS_tests/MHS_tests/build/CMakeFiles/CMakeTmp

Run Build Command(s):/usr/bin/make cmTC_10d1c/fast && /usr/bin/make -f CMakeFiles/cmTC_10d1c.dir/build.make CMakeFiles/cmTC_10d1c.dir/build
make[1]: Entering directory '/home/wolf/Documents/stevenCode/MHS_tests/MHS_tests/build/CMakeFiles/CMakeTmp'
Building C object CMakeFiles/cmTC_10d1c.dir/src.c.o
/usr/bin/cc   -fPIC -DCMAKE_HAVE_LIBC_PTHREAD   -o CMakeFiles/cmTC_10d1c.dir/src.c.o   -c /home/wolf/Documents/stevenCode/MHS_tests/MHS_tests/build/CMakeFiles/CMakeTmp/src.c
Linking C executable cmTC_10d1c
/usr/local/bin/cmake -E cmake_link_script CMakeFiles/cmTC_10d1c.dir/link.txt --verbose=1
/usr/bin/cc -fPIC -DCMAKE_HAVE_LIBC_PTHREAD    -rdynamic CMakeFiles/cmTC_10d1c.dir/src.c.o  -o cmTC_10d1c 
CMakeFiles/cmTC_10d1c.dir/src.c.o: In function `main':
src.c:(.text+0x3e): undefined reference to `pthread_create'
src.c:(.text+0x4a): undefined reference to `pthread_detach'
src.c:(.text+0x5b): undefined reference to `pthread_join'
src.c:(.text+0x6f): undefined reference to `pthread_atfork'
collect2: error: ld returned 1 exit status
CMakeFiles/cmTC_10d1c.dir/build.make:86: recipe for target 'cmTC_10d1c' failed
make[1]: *** [cmTC_10d1c] Error 1
make[1]: Leaving directory '/home/wolf/Documents/stevenCode/MHS_tests/MHS_tests/build/CMakeFiles/CMakeTmp'
Makefile:121: recipe for target 'cmTC_10d1c/fast' failed
make: *** [cmTC_10d1c/fast] Error 2


Source file was:
#include <pthread.h>

void* test_func(void* data)
{
  return data;
}

int main(void)
{
  pthread_t thread;
  pthread_create(&thread, NULL, test_func, NULL);
  pthread_detach(thread);
  pthread_join(thread, NULL);
  pthread_atfork(NULL, NULL, NULL);
  pthread_exit(NULL);

  return 0;
}

Determining if the function pthread_create exists in the pthreads failed with the following output:
Change Dir: /home/wolf/Documents/stevenCode/MHS_tests/MHS_tests/build/CMakeFiles/CMakeTmp

Run Build Command(s):/usr/bin/make cmTC_51c1f/fast && /usr/bin/make -f CMakeFiles/cmTC_51c1f.dir/build.make CMakeFiles/cmTC_51c1f.dir/build
make[1]: Entering directory '/home/wolf/Documents/stevenCode/MHS_tests/MHS_tests/build/CMakeFiles/CMakeTmp'
Building C object CMakeFiles/cmTC_51c1f.dir/CheckFunctionExists.c.o
/usr/bin/cc   -fPIC -DCHECK_FUNCTION_EXISTS=pthread_create   -o CMakeFiles/cmTC_51c1f.dir/CheckFunctionExists.c.o   -c /usr/local/share/cmake-3.16/Modules/CheckFunctionExists.c
Linking C executable cmTC_51c1f
/usr/local/bin/cmake -E cmake_link_script CMakeFiles/cmTC_51c1f.dir/link.txt --verbose=1
/usr/bin/cc -fPIC -DCHECK_FUNCTION_EXISTS=pthread_create    -rdynamic CMakeFiles/cmTC_51c1f.dir/CheckFunctionExists.c.o  -o cmTC_51c1f  -lpthreads 
/usr/bin/ld: cannot find -lpthreads
collect2: error: ld returned 1 exit status
CMakeFiles/cmTC_51c1f.dir/build.make:86: recipe for target 'cmTC_51c1f' failed
make[1]: *** [cmTC_51c1f] Error 1
make[1]: Leaving directory '/home/wolf/Documents/stevenCode/MHS_tests/MHS_tests/build/CMakeFiles/CMakeTmp'
Makefile:121: recipe for target 'cmTC_51c1f/fast' failed
make: *** [cmTC_51c1f/fast] Error 2



